<?xml version="1.0" encoding="UTF-8"?>
<robot generator="Robot 7.1.1 (Python 3.10.12 on linux)" generated="2024-11-13T16:22:58.963571" rpa="false" schemaversion="5">
<suite id="s1" name="Tests" source="/home/nwaada/webcounter/src/tests">
<suite id="s1-s1" name="Increment" source="/home/nwaada/webcounter/src/tests/increment.robot">
<kw name="Open And Configure Browser" owner="resource" type="SETUP">
<if>
<branch type="IF" condition="$BROWSER == 'chrome'">
<kw name="Evaluate" owner="BuiltIn">
<msg time="2024-11-13T16:22:59.112339" level="INFO">${options} = &lt;selenium.webdriver.chrome.options.Options object at 0x72fbbf1116f0&gt;</msg>
<var>${options}</var>
<arg>sys.modules['selenium.webdriver'].ChromeOptions()</arg>
<arg>sys</arg>
<doc>Evaluates the given expression in Python and returns the result.</doc>
<status status="PASS" start="2024-11-13T16:22:59.111973" elapsed="0.000417"/>
</kw>
<status status="PASS" start="2024-11-13T16:22:59.108648" elapsed="0.003830"/>
</branch>
<branch type="ELSE IF" condition="$BROWSER == 'firefox'">
<kw name="Evaluate" owner="BuiltIn">
<var>${options}</var>
<arg>sys.modules['selenium.webdriver'].FirefoxOptions()</arg>
<arg>sys</arg>
<doc>Evaluates the given expression in Python and returns the result.</doc>
<status status="NOT RUN" start="2024-11-13T16:22:59.112675" elapsed="0.000036"/>
</kw>
<status status="NOT RUN" start="2024-11-13T16:22:59.112531" elapsed="0.000239"/>
</branch>
<status status="PASS" start="2024-11-13T16:22:59.108618" elapsed="0.004189"/>
</if>
<if>
<branch type="IF" condition="$HEADLESS == 'true'">
<kw name="Set Selenium Speed" owner="SeleniumLibrary">
<arg>0</arg>
<doc>Sets the delay that is waited after each Selenium command.</doc>
<status status="NOT RUN" start="2024-11-13T16:22:59.113092" elapsed="0.000035"/>
</kw>
<kw name="Call Method" owner="BuiltIn">
<arg>${options}</arg>
<arg>add_argument</arg>
<arg>--headless</arg>
<doc>Calls the named method of the given object with the provided arguments.</doc>
<status status="NOT RUN" start="2024-11-13T16:22:59.113239" elapsed="0.000029"/>
</kw>
<status status="NOT RUN" start="2024-11-13T16:22:59.112872" elapsed="0.000447"/>
</branch>
<branch type="ELSE">
<kw name="Set Selenium Speed" owner="SeleniumLibrary">
<arg>${DELAY}</arg>
<doc>Sets the delay that is waited after each Selenium command.</doc>
<status status="PASS" start="2024-11-13T16:22:59.113472" elapsed="0.000305"/>
</kw>
<status status="PASS" start="2024-11-13T16:22:59.113359" elapsed="0.000482"/>
</branch>
<status status="PASS" start="2024-11-13T16:22:59.112855" elapsed="0.001022"/>
</if>
<kw name="Open Browser" owner="SeleniumLibrary">
<msg time="2024-11-13T16:22:59.114313" level="INFO">Opening browser 'chrome' to base url 'None'.</msg>
<arg>browser=${BROWSER}</arg>
<arg>options=${options}</arg>
<doc>Opens a new browser instance to the optional ``url``.</doc>
<status status="PASS" start="2024-11-13T16:22:59.113997" elapsed="0.670139"/>
</kw>
<status status="PASS" start="2024-11-13T16:22:59.108370" elapsed="0.676145"/>
</kw>
<test id="s1-s1-t1" name="At start the counter is zero" line="7">
<kw name="Go To" owner="SeleniumLibrary">
<msg time="2024-11-13T16:22:59.786632" level="INFO">Opening url 'http://localhost:5001'</msg>
<arg>${HOME_URL}</arg>
<doc>Navigates the current browser window to the provided ``url``.</doc>
<status status="PASS" start="2024-11-13T16:22:59.786036" elapsed="0.576561"/>
</kw>
<kw name="Title Should Be" owner="SeleniumLibrary">
<msg time="2024-11-13T16:23:00.875087" level="INFO">Page title is 'Laskuri'.</msg>
<arg>Laskuri</arg>
<doc>Verifies that the current page title equals ``title``.</doc>
<status status="PASS" start="2024-11-13T16:23:00.363503" elapsed="0.511979"/>
</kw>
<kw name="Page Should Contain" owner="SeleniumLibrary">
<msg time="2024-11-13T16:23:01.907614" level="INFO">Current page contains text 'nappia painettu 0 kertaa'.</msg>
<arg>nappia painettu 0 kertaa</arg>
<doc>Verifies that current page contains ``text``.</doc>
<status status="PASS" start="2024-11-13T16:23:00.876279" elapsed="1.031723"/>
</kw>
<status status="PASS" start="2024-11-13T16:22:59.784839" elapsed="2.123902"/>
</test>
<test id="s1-s1-t2" name="When button pressed twice the counter is two" line="12">
<kw name="Go To" owner="SeleniumLibrary">
<msg time="2024-11-13T16:23:01.910598" level="INFO">Opening url 'http://localhost:5001'</msg>
<arg>${HOME_URL}</arg>
<doc>Navigates the current browser window to the provided ``url``.</doc>
<status status="PASS" start="2024-11-13T16:23:01.910162" elapsed="0.532574"/>
</kw>
<kw name="Click Button" owner="SeleniumLibrary">
<msg time="2024-11-13T16:23:02.443955" level="INFO">Clicking button 'Paina'.</msg>
<arg>Paina</arg>
<doc>Clicks the button identified by ``locator``.</doc>
<status status="PASS" start="2024-11-13T16:23:02.443314" elapsed="1.611758"/>
</kw>
<kw name="Click Button" owner="SeleniumLibrary">
<msg time="2024-11-13T16:23:04.057475" level="INFO">Clicking button 'Paina'.</msg>
<arg>Paina</arg>
<doc>Clicks the button identified by ``locator``.</doc>
<status status="PASS" start="2024-11-13T16:23:04.056509" elapsed="1.603211"/>
</kw>
<kw name="Page Should Contain" owner="SeleniumLibrary">
<msg time="2024-11-13T16:23:06.694554" level="INFO">Current page contains text 'nappia painettu 2 kertaa'.</msg>
<arg>nappia painettu 2 kertaa</arg>
<doc>Verifies that current page contains ``text``.</doc>
<status status="PASS" start="2024-11-13T16:23:05.660987" elapsed="1.034083"/>
</kw>
<status status="PASS" start="2024-11-13T16:23:01.909359" elapsed="4.786641"/>
</test>
<test id="s1-s1-t3" name="When value is set the counter is counter + value" line="18">
<kw name="Go To" owner="SeleniumLibrary">
<msg time="2024-11-13T16:23:06.698482" level="INFO">Opening url 'http://localhost:5001'</msg>
<arg>${HOME_URL}</arg>
<doc>Navigates the current browser window to the provided ``url``.</doc>
<status status="PASS" start="2024-11-13T16:23:06.697925" elapsed="0.533078"/>
</kw>
<kw name="Input Text" owner="SeleniumLibrary">
<msg time="2024-11-13T16:23:07.233320" level="INFO">Typing text '10' into text field 'value'.</msg>
<arg>value</arg>
<arg>10</arg>
<doc>Types the given ``text`` into the text field identified by ``locator``.</doc>
<status status="PASS" start="2024-11-13T16:23:07.232434" elapsed="1.647498"/>
</kw>
<kw name="Click Button" owner="SeleniumLibrary">
<msg time="2024-11-13T16:23:08.882454" level="INFO">Clicking button 'aseta'.</msg>
<arg>aseta</arg>
<doc>Clicks the button identified by ``locator``.</doc>
<status status="PASS" start="2024-11-13T16:23:08.881501" elapsed="1.650433"/>
</kw>
<kw name="Page Should Contain" owner="SeleniumLibrary">
<msg time="2024-11-13T16:23:11.558381" level="INFO">Current page contains text 'nappia painettu 12 kertaa'.</msg>
<arg>nappia painettu 12 kertaa</arg>
<doc>Verifies that current page contains ``text``.</doc>
<status status="PASS" start="2024-11-13T16:23:10.533087" elapsed="1.025641"/>
</kw>
<status status="PASS" start="2024-11-13T16:23:06.696826" elapsed="4.862513"/>
</test>
<kw name="Close Browser" owner="SeleniumLibrary" type="TEARDOWN">
<doc>Closes the current browser.</doc>
<status status="PASS" start="2024-11-13T16:23:11.560695" elapsed="0.561992"/>
</kw>
<status status="PASS" start="2024-11-13T16:22:58.984419" elapsed="13.138513"/>
</suite>
<suite id="s1-s2" name="Reset" source="/home/nwaada/webcounter/src/tests/reset.robot">
<kw name="Open And Configure Browser" owner="resource" type="SETUP">
<if>
<branch type="IF" condition="$BROWSER == 'chrome'">
<kw name="Evaluate" owner="BuiltIn">
<msg time="2024-11-13T16:23:12.132012" level="INFO">${options} = &lt;selenium.webdriver.chrome.options.Options object at 0x72fbbefa5ff0&gt;</msg>
<var>${options}</var>
<arg>sys.modules['selenium.webdriver'].ChromeOptions()</arg>
<arg>sys</arg>
<doc>Evaluates the given expression in Python and returns the result.</doc>
<status status="PASS" start="2024-11-13T16:23:12.131499" elapsed="0.000575"/>
</kw>
<status status="PASS" start="2024-11-13T16:23:12.131000" elapsed="0.001189"/>
</branch>
<branch type="ELSE IF" condition="$BROWSER == 'firefox'">
<kw name="Evaluate" owner="BuiltIn">
<var>${options}</var>
<arg>sys.modules['selenium.webdriver'].FirefoxOptions()</arg>
<arg>sys</arg>
<doc>Evaluates the given expression in Python and returns the result.</doc>
<status status="NOT RUN" start="2024-11-13T16:23:12.132568" elapsed="0.000052"/>
</kw>
<status status="NOT RUN" start="2024-11-13T16:23:12.132262" elapsed="0.000727"/>
</branch>
<status status="PASS" start="2024-11-13T16:23:12.130953" elapsed="0.002104"/>
</if>
<if>
<branch type="IF" condition="$HEADLESS == 'true'">
<kw name="Set Selenium Speed" owner="SeleniumLibrary">
<arg>0</arg>
<doc>Sets the delay that is waited after each Selenium command.</doc>
<status status="NOT RUN" start="2024-11-13T16:23:12.133613" elapsed="0.000059"/>
</kw>
<kw name="Call Method" owner="BuiltIn">
<arg>${options}</arg>
<arg>add_argument</arg>
<arg>--headless</arg>
<doc>Calls the named method of the given object with the provided arguments.</doc>
<status status="NOT RUN" start="2024-11-13T16:23:12.133927" elapsed="0.000075"/>
</kw>
<status status="NOT RUN" start="2024-11-13T16:23:12.133227" elapsed="0.000872"/>
</branch>
<branch type="ELSE">
<kw name="Set Selenium Speed" owner="SeleniumLibrary">
<arg>${DELAY}</arg>
<doc>Sets the delay that is waited after each Selenium command.</doc>
<status status="PASS" start="2024-11-13T16:23:12.134475" elapsed="0.000584"/>
</kw>
<status status="PASS" start="2024-11-13T16:23:12.134173" elapsed="0.001003"/>
</branch>
<status status="PASS" start="2024-11-13T16:23:12.133196" elapsed="0.002064"/>
</if>
<kw name="Open Browser" owner="SeleniumLibrary">
<msg time="2024-11-13T16:23:12.136446" level="INFO">Opening browser 'chrome' to base url 'None'.</msg>
<arg>browser=${BROWSER}</arg>
<arg>options=${options}</arg>
<doc>Opens a new browser instance to the optional ``url``.</doc>
<status status="PASS" start="2024-11-13T16:23:12.135581" elapsed="0.727264"/>
</kw>
<status status="PASS" start="2024-11-13T16:23:12.130603" elapsed="0.732453"/>
</kw>
<test id="s1-s2-t1" name="When the counter has a nonzero value and it is reset the value becomes zero" line="7">
<kw name="Go To" owner="SeleniumLibrary">
<msg time="2024-11-13T16:23:12.864828" level="INFO">Opening url 'http://localhost:5001'</msg>
<arg>${HOME_URL}</arg>
<doc>Navigates the current browser window to the provided ``url``.</doc>
<status status="PASS" start="2024-11-13T16:23:12.864114" elapsed="0.584803"/>
</kw>
<kw name="Page Should Contain" owner="SeleniumLibrary">
<msg time="2024-11-13T16:23:14.484611" level="INFO">Current page contains text 'nappia painettu 12 kertaa'.</msg>
<arg>nappia painettu 12 kertaa</arg>
<doc>Verifies that current page contains ``text``.</doc>
<status status="PASS" start="2024-11-13T16:23:13.450122" elapsed="1.034889"/>
</kw>
<kw name="Click Button" owner="SeleniumLibrary">
<msg time="2024-11-13T16:23:14.486546" level="INFO">Clicking button 'Nollaa'.</msg>
<arg>Nollaa</arg>
<doc>Clicks the button identified by ``locator``.</doc>
<status status="PASS" start="2024-11-13T16:23:14.485889" elapsed="1.618127"/>
</kw>
<kw name="Page Should Contain" owner="SeleniumLibrary">
<msg time="2024-11-13T16:23:17.138924" level="INFO">Current page contains text 'nappia painettu 0 kertaa'.</msg>
<arg>nappia painettu 0 kertaa</arg>
<doc>Verifies that current page contains ``text``.</doc>
<status status="PASS" start="2024-11-13T16:23:16.105121" elapsed="1.034393"/>
</kw>
<status status="PASS" start="2024-11-13T16:23:12.863247" elapsed="4.277325"/>
</test>
<kw name="Close Browser" owner="SeleniumLibrary" type="TEARDOWN">
<doc>Closes the current browser.</doc>
<status status="PASS" start="2024-11-13T16:23:17.142231" elapsed="0.562219"/>
</kw>
<status status="PASS" start="2024-11-13T16:23:12.124826" elapsed="5.579891"/>
</suite>
<status status="PASS" start="2024-11-13T16:22:58.964525" elapsed="18.742051"/>
</suite>
<statistics>
<total>
<stat pass="4" fail="0" skip="0">All Tests</stat>
</total>
<tag>
</tag>
<suite>
<stat pass="4" fail="0" skip="0" id="s1" name="Tests">Tests</stat>
<stat pass="3" fail="0" skip="0" id="s1-s1" name="Increment">Tests.Increment</stat>
<stat pass="1" fail="0" skip="0" id="s1-s2" name="Reset">Tests.Reset</stat>
</suite>
</statistics>
<errors>
</errors>
</robot>
